<?xml version="1.0" encoding="UTF-8" ?>
<testsuite tests="3" failures="0" name="hellocucumber.RunCucumberTest" time="0.028" errors="0" skipped="3">
  <properties>
    <property name="java.runtime.name" value="Java(TM) SE Runtime Environment"/>
    <property name="sun.boot.library.path" value="/Library/Java/JavaVirtualMachines/jdk1.8.0_144.jdk/Contents/Home/jre/lib"/>
    <property name="java.vm.version" value="25.144-b01"/>
    <property name="gopherProxySet" value="false"/>
    <property name="java.vm.vendor" value="Oracle Corporation"/>
    <property name="maven.multiModuleProjectDirectory" value="/Users/ruisun/Downloads/workspace/hello-cucumber"/>
    <property name="java.vendor.url" value="http://java.oracle.com/"/>
    <property name="path.separator" value=":"/>
    <property name="guice.disable.misplaced.annotation.check" value="true"/>
    <property name="java.vm.name" value="Java HotSpot(TM) 64-Bit Server VM"/>
    <property name="file.encoding.pkg" value="sun.io"/>
    <property name="user.country" value="CA"/>
    <property name="sun.java.launcher" value="SUN_STANDARD"/>
    <property name="sun.os.patch.level" value="unknown"/>
    <property name="java.vm.specification.name" value="Java Virtual Machine Specification"/>
    <property name="user.dir" value="/Users/ruisun/Downloads/workspace/hello-cucumber"/>
    <property name="java.runtime.version" value="1.8.0_144-b01"/>
    <property name="java.awt.graphicsenv" value="sun.awt.CGraphicsEnvironment"/>
    <property name="java.endorsed.dirs" value="/Library/Java/JavaVirtualMachines/jdk1.8.0_144.jdk/Contents/Home/jre/lib/endorsed"/>
    <property name="os.arch" value="x86_64"/>
    <property name="java.io.tmpdir" value="/var/folders/87/j223gw29191b87b1b82p75_40000gn/T/"/>
    <property name="line.separator" value="
"/>
    <property name="java.vm.specification.vendor" value="Oracle Corporation"/>
    <property name="os.name" value="Mac OS X"/>
    <property name="classworlds.conf" value="/Users/ruisun/Downloads/software/apache-maven-3.5.2/bin/m2.conf"/>
    <property name="sun.jnu.encoding" value="UTF-8"/>
    <property name="java.library.path" value="/Users/ruisun/Library/Java/Extensions:/Library/Java/Extensions:/Network/Library/Java/Extensions:/System/Library/Java/Extensions:/usr/lib/java:."/>
    <property name="maven.conf" value="/Users/ruisun/Downloads/software/apache-maven-3.5.2/conf"/>
    <property name="java.specification.name" value="Java Platform API Specification"/>
    <property name="java.class.version" value="52.0"/>
    <property name="sun.management.compiler" value="HotSpot 64-Bit Tiered Compilers"/>
    <property name="os.version" value="10.12.6"/>
    <property name="library.jansi.path" value="/Users/ruisun/Downloads/software/apache-maven-3.5.2/lib/jansi-native"/>
    <property name="http.nonProxyHosts" value="local|*.local|169.254/16|*.169.254/16"/>
    <property name="user.home" value="/Users/ruisun"/>
    <property name="user.timezone" value="America/Halifax"/>
    <property name="java.awt.printerjob" value="sun.lwawt.macosx.CPrinterJob"/>
    <property name="java.specification.version" value="1.8"/>
    <property name="file.encoding" value="UTF-8"/>
    <property name="user.name" value="ruisun"/>
    <property name="java.class.path" value="/Users/ruisun/Downloads/software/apache-maven-3.5.2/boot/plexus-classworlds-2.5.2.jar"/>
    <property name="java.vm.specification.version" value="1.8"/>
    <property name="sun.arch.data.model" value="64"/>
    <property name="java.home" value="/Library/Java/JavaVirtualMachines/jdk1.8.0_144.jdk/Contents/Home/jre"/>
    <property name="sun.java.command" value="org.codehaus.plexus.classworlds.launcher.Launcher test"/>
    <property name="java.specification.vendor" value="Oracle Corporation"/>
    <property name="user.language" value="en"/>
    <property name="awt.toolkit" value="sun.lwawt.macosx.LWCToolkit"/>
    <property name="java.vm.info" value="mixed mode"/>
    <property name="java.version" value="1.8.0_144"/>
    <property name="java.ext.dirs" value="/Users/ruisun/Library/Java/Extensions:/Library/Java/JavaVirtualMachines/jdk1.8.0_144.jdk/Contents/Home/jre/lib/ext:/Library/Java/Extensions:/Network/Library/Java/Extensions:/System/Library/Java/Extensions:/usr/lib/java"/>
    <property name="sun.boot.class.path" value="/Library/Java/JavaVirtualMachines/jdk1.8.0_144.jdk/Contents/Home/jre/lib/resources.jar:/Library/Java/JavaVirtualMachines/jdk1.8.0_144.jdk/Contents/Home/jre/lib/rt.jar:/Library/Java/JavaVirtualMachines/jdk1.8.0_144.jdk/Contents/Home/jre/lib/sunrsasign.jar:/Library/Java/JavaVirtualMachines/jdk1.8.0_144.jdk/Contents/Home/jre/lib/jsse.jar:/Library/Java/JavaVirtualMachines/jdk1.8.0_144.jdk/Contents/Home/jre/lib/jce.jar:/Library/Java/JavaVirtualMachines/jdk1.8.0_144.jdk/Contents/Home/jre/lib/charsets.jar:/Library/Java/JavaVirtualMachines/jdk1.8.0_144.jdk/Contents/Home/jre/lib/jfr.jar:/Library/Java/JavaVirtualMachines/jdk1.8.0_144.jdk/Contents/Home/jre/classes"/>
    <property name="java.vendor" value="Oracle Corporation"/>
    <property name="maven.home" value="/Users/ruisun/Downloads/software/apache-maven-3.5.2"/>
    <property name="file.separator" value="/"/>
    <property name="java.vendor.url.bug" value="http://bugreport.sun.com/bugreport/"/>
    <property name="sun.cpu.endian" value="little"/>
    <property name="sun.io.unicode.encoding" value="UnicodeBig"/>
    <property name="socksNonProxyHosts" value="local|*.local|169.254/16|*.169.254/16"/>
    <property name="ftp.nonProxyHosts" value="local|*.local|169.254/16|*.169.254/16"/>
    <property name="sun.cpu.isalist" value=""/>
  </properties>
  <testcase classname="Is it Friday yet?" name="Today is or is not Friday" time="0.014">
    <skipped/>
    <system-out>Feature: Is it Friday yet?
  Everybody wants to know when it&apos;s Friday

  Scenario Outline: Today is or is not Friday &amp;#27;[90m# hellocucumber/is_it_friday_yet.feature:4&amp;#27;[0m
    &amp;#27;[36mGiven today is &lt;day&gt;&amp;#27;[0m
    &amp;#27;[36mWhen I ask whether it&apos;s Friday yet&amp;#27;[0m
    &amp;#27;[36mThen I should be told &lt;answer&gt;&amp;#27;[0m

    Examples: 

  Scenario Outline: Today is or is not Friday &amp;#27;[90m# hellocucumber/is_it_friday_yet.feature:11&amp;#27;[0m
    &amp;#27;[33mGiven &amp;#27;[0m&amp;#27;[33mtoday is &quot;Friday&quot;&amp;#27;[0m                   &amp;#27;[90m# null&amp;#27;[0m
    &amp;#27;[36mWhen &amp;#27;[0m&amp;#27;[36mI ask whether it&apos;s Friday yet&amp;#27;[0m        &amp;#27;[90m# Stepdefs.i_ask_whether_is_s_Friday_yet()&amp;#27;[0m
    &amp;#27;[36mThen &amp;#27;[0m&amp;#27;[36mI should be told &quot;&amp;#27;[0m&amp;#27;[36m&amp;#27;[1mTGIF&amp;#27;[0m&amp;#27;[36m&quot;&amp;#27;[0m              &amp;#27;[90m# Stepdefs.i_should_be_told(String)&amp;#27;[0m
</system-out>
  </testcase>
  <testcase classname="Is it Friday yet?" name="Today is or is not Friday" time="0.003">
    <skipped/>
    <system-out>
  Scenario Outline: Today is or is not Friday &amp;#27;[90m# hellocucumber/is_it_friday_yet.feature:12&amp;#27;[0m
    &amp;#27;[33mGiven &amp;#27;[0m&amp;#27;[33mtoday is &quot;Sunday&quot;&amp;#27;[0m                   &amp;#27;[90m# null&amp;#27;[0m
    &amp;#27;[36mWhen &amp;#27;[0m&amp;#27;[36mI ask whether it&apos;s Friday yet&amp;#27;[0m        &amp;#27;[90m# Stepdefs.i_ask_whether_is_s_Friday_yet()&amp;#27;[0m
    &amp;#27;[36mThen &amp;#27;[0m&amp;#27;[36mI should be told &quot;&amp;#27;[0m&amp;#27;[36m&amp;#27;[1mNope&amp;#27;[0m&amp;#27;[36m&quot;&amp;#27;[0m              &amp;#27;[90m# Stepdefs.i_should_be_told(String)&amp;#27;[0m
</system-out>
  </testcase>
  <testcase classname="Is it Friday yet?" name="Today is or is not Friday" time="0.011">
    <skipped/>
    <system-out>
  Scenario Outline: Today is or is not Friday &amp;#27;[90m# hellocucumber/is_it_friday_yet.feature:13&amp;#27;[0m
    &amp;#27;[33mGiven &amp;#27;[0m&amp;#27;[33mtoday is &quot;anything else!&quot;&amp;#27;[0m           &amp;#27;[90m# null&amp;#27;[0m
    &amp;#27;[36mWhen &amp;#27;[0m&amp;#27;[36mI ask whether it&apos;s Friday yet&amp;#27;[0m        &amp;#27;[90m# Stepdefs.i_ask_whether_is_s_Friday_yet()&amp;#27;[0m
    &amp;#27;[36mThen &amp;#27;[0m&amp;#27;[36mI should be told &quot;&amp;#27;[0m&amp;#27;[36m&amp;#27;[1mNope&amp;#27;[0m&amp;#27;[36m&quot;&amp;#27;[0m              &amp;#27;[90m# Stepdefs.i_should_be_told(String)&amp;#27;[0m
</system-out>
  </testcase>
</testsuite>